\BOOKMARK [0][-]{chapter*.4}{Wprowadzenie}{}% 1
\BOOKMARK [0][-]{chapter.1}{Let's\040Bid\040It\040w\040praktyce}{}% 2
\BOOKMARK [1][-]{section.1.1}{Porównanie z dostępnymi rozwiązaniami}{chapter.1}% 3
\BOOKMARK [2][-]{subsection.1.1.1}{Allegro}{section.1.1}% 4
\BOOKMARK [2][-]{subsection.1.1.2}{OLX}{section.1.1}% 5
\BOOKMARK [1][-]{section.1.2}{Możliwości zastosowania praktycznego}{chapter.1}% 6
\BOOKMARK [0][-]{chapter.2}{Projekt\040i\040analiza}{}% 7
\BOOKMARK [1][-]{section.2.1}{Diagram\040ERD}{chapter.2}% 8
\BOOKMARK [1][-]{section.2.2}{Aktorzy i przypadki użycia}{chapter.2}% 9
\BOOKMARK [1][-]{section.2.3}{Diagram przepływu danych}{chapter.2}% 10
\BOOKMARK [0][-]{chapter.3}{Implementacja}{}% 11
\BOOKMARK [1][-]{section.3.1}{Ruby\040on\040Rails}{chapter.3}% 12
\BOOKMARK [1][-]{section.3.2}{Twitter\040Bootstrap}{chapter.3}% 13
\BOOKMARK [1][-]{section.3.3}{Devise}{chapter.3}% 14
\BOOKMARK [1][-]{section.3.4}{Pozostałe rozwiązania użyte przy realizacji projektu}{chapter.3}% 15
\BOOKMARK [2][-]{subsection.3.4.1}{Cloudinary}{section.3.4}% 16
\BOOKMARK [2][-]{subsection.3.4.2}{ActsAsTree}{section.3.4}% 17
\BOOKMARK [2][-]{subsection.3.4.3}{reCAPTCHA}{section.3.4}% 18
\BOOKMARK [2][-]{subsection.3.4.4}{Chartkick}{section.3.4}% 19
\BOOKMARK [2][-]{subsection.3.4.5}{Font-Awesome}{section.3.4}% 20
\BOOKMARK [2][-]{subsection.3.4.6}{CKEditor}{section.3.4}% 21
\BOOKMARK [1][-]{section.3.5}{Struktura\040aplikacji}{chapter.3}% 22
\BOOKMARK [2][-]{subsection.3.5.1}{Strona główna}{section.3.5}% 23
\BOOKMARK [2][-]{subsection.3.5.2}{Aukcje}{section.3.5}% 24
\BOOKMARK [2][-]{subsection.3.5.3}{Kategorie}{section.3.5}% 25
\BOOKMARK [2][-]{subsection.3.5.4}{Obserwowane}{section.3.5}% 26
\BOOKMARK [2][-]{subsection.3.5.5}{Nawigacja}{section.3.5}% 27
\BOOKMARK [0][-]{chapter*.5}{Zakończenie}{}% 28
\BOOKMARK [0][-]{chapter*.6}{Bibliografia}{}% 29
\BOOKMARK [0][-]{appendix.A}{Płyta CD zawierająca kod projektu}{}% 30
\BOOKMARK [0][-]{appendix.B}{Płyta CD zawierająca pliki pracy licencjackiej}{}% 31
\BOOKMARK [0][-]{appendix*.7}{Spis rysunków}{}% 32
\BOOKMARK [0][-]{appendix*.8}{Oświadczenie}{}% 33
