\BOOKMARK [0][-]{chapter*.4}{Wprowadzenie}{}% 1
\BOOKMARK [0][-]{chapter.1}{Let's\040Bid\040It\040w\040praktyce}{}% 2
\BOOKMARK [1][-]{section.1.1}{Porównanie z dostępnymi rozwiązaniami}{chapter.1}% 3
\BOOKMARK [2][-]{subsection.1.1.1}{Allegro}{section.1.1}% 4
\BOOKMARK [2][-]{subsection.1.1.2}{OLX}{section.1.1}% 5
\BOOKMARK [1][-]{section.1.2}{Możliwości zastosowania praktycznego}{chapter.1}% 6
\BOOKMARK [0][-]{chapter.2}{Projekt\040i\040analiza}{}% 7
\BOOKMARK [1][-]{section.2.1}{Diagram\040ERD}{chapter.2}% 8
\BOOKMARK [1][-]{section.2.2}{Aktorzy i przypadki użycia}{chapter.2}% 9
\BOOKMARK [1][-]{section.2.3}{Diagram przepływu danych}{chapter.2}% 10
\BOOKMARK [0][-]{chapter.3}{Implementacja}{}% 11
\BOOKMARK [1][-]{section.3.1}{Technologie\040wykorzystane\040do\040stworzenia\040aplikacji}{chapter.3}% 12
\BOOKMARK [2][-]{subsection.3.1.1}{Ruby\040on\040Rails}{section.3.1}% 13
\BOOKMARK [2][-]{subsection.3.1.2}{Twitter\040Bootstrap}{section.3.1}% 14
\BOOKMARK [2][-]{subsection.3.1.3}{Devise}{section.3.1}% 15
\BOOKMARK [2][-]{subsection.3.1.4}{Pozostałe rozwiązania użyte przy realizacji projektu}{section.3.1}% 16
\BOOKMARK [1][-]{section.3.2}{Struktura\040aplikacji}{chapter.3}% 17
\BOOKMARK [2][-]{subsection.3.2.1}{Strona główna}{section.3.2}% 18
\BOOKMARK [2][-]{subsection.3.2.2}{Aukcje}{section.3.2}% 19
\BOOKMARK [2][-]{subsection.3.2.3}{Kategorie}{section.3.2}% 20
\BOOKMARK [2][-]{subsection.3.2.4}{Obserwowane}{section.3.2}% 21
\BOOKMARK [2][-]{subsection.3.2.5}{Nawigacja}{section.3.2}% 22
\BOOKMARK [0][-]{chapter*.5}{Zakończenie}{}% 23
\BOOKMARK [0][-]{chapter*.6}{Bibliografia}{}% 24
\BOOKMARK [0][-]{appendix.A}{Płyta CD zawierająca kod projektu}{}% 25
\BOOKMARK [0][-]{appendix*.7}{Spis rysunków}{}% 26
\BOOKMARK [0][-]{appendix*.8}{Oświadczenie}{}% 27
